[
  "Michael - Jordan - 5 - admin@admin.com - administrador - 05/11/2023 04:16:26 p. m.",
  "Michael - Jordan - 5 - admin@admin.com - administrador - 08/11/2023 02:29:52 p. m.",
  "Michael - Jordan - 5 - admin@admin.com - administrador - 08/11/2023 02:47:52 p. m.",
  "Michael - Jordan - 5 - admin@admin.com - administrador - 08/11/2023 02:48:34 p. m.",
  "Tilda - Robinson - 4 - trobinson@super.com - supervisor - 08/11/2023 02:49:14 p. m.",
  "Tilda - Robinson - 4 - trobinson@super.com - supervisor - 08/11/2023 02:50:05 p. m.",
  "Tilda - Robinson - 4 - trobinson@super.com - supervisor - 08/11/2023 02:50:33 p. m.",
  "Tilda - Robinson - 4 - trobinson@super.com - supervisor - 08/11/2023 02:52:26 p. m.",
  "Tilda - Robinson - 4 - trobinson@super.com - supervisor - 08/11/2023 02:55:20 p. m.",
  "Michael - Jordan - 5 - admin@admin.com - administrador - 08/11/2023 02:55:41 p. m.",
  "Steve - Harris - 3 - sharris@maiden.com.uk - vendedor - 08/11/2023 02:58:26 p. m.",
  "Steve - Harris - 3 - sharris@maiden.com.uk - vendedor - 08/11/2023 02:59:43 p. m.",
  "Michael - Jordan - 5 - admin@admin.com - administrador - 10/11/2023 02:59:43 p. m.",
  "Michael - Jordan - 5 - admin@admin.com - administrador - 10/11/2023 07:43:30 p. m.",
  "Michael - Jordan - 5 - admin@admin.com - administrador - 10/11/2023 07:45:30 p. m.",
  "Michael - Jordan - 5 - admin@admin.com - administrador - 10/11/2023 07:47:08 p. m.",
  "Michael - Jordan - 5 - admin@admin.com - administrador - 10/11/2023 07:56:25 p. m.",
  "Michael - Jordan - 5 - admin@admin.com - administrador - 10/11/2023 08:02:09 p. m.",
  "Michael - Jordan - 5 - admin@admin.com - administrador - 11/11/2023 10:46:04 a. m.",
  "Michael - Jordan - 5 - admin@admin.com - administrador - 11/11/2023 10:56:06 a. m.",
  "Michael - Jordan - 5 - admin@admin.com - administrador - 11/11/2023 11:19:04 a. m.",
  "Michael - Jordan - 5 - admin@admin.com - administrador - 11/11/2023 11:41:09 a. m.",
  "Michael - Jordan - 5 - admin@admin.com - administrador - 11/11/2023 05:00:01 p. m.",
  "Michael - Jordan - 5 - admin@admin.com - administrador - 12/11/2023 12:51:14 a. m.",
  "Michael - Jordan - 5 - admin@admin.com - administrador - 12/11/2023 02:22:52 a. m.",
  "Michael - Jordan - 5 - admin@admin.com - administrador - 12/11/2023 02:35:21 a. m.",
  "Michael - Jordan - 5 - admin@admin.com - administrador - 12/11/2023 02:42:03 a. m.",
  "Michael - Jordan - 5 - admin@admin.com - administrador - 12/11/2023 03:08:04 a. m.",
  "Michael - Jordan - 5 - admin@admin.com - administrador - 12/11/2023 12:06:01 p. m.",
  "Michael - Jordan - 5 - admin@admin.com - administrador - 12/11/2023 12:06:55 p. m.",
  "Michael - Jordan - 5 - admin@admin.com - administrador - 12/11/2023 12:07:34 p. m.",
  "Michael - Jordan - 5 - admin@admin.com - administrador - 12/11/2023 12:08:00 p. m.",
  "Michael - Jordan - 5 - admin@admin.com - administrador - 12/11/2023 12:08:43 p. m.",
  "Michael - Jordan - 5 - admin@admin.com - administrador - 12/11/2023 12:09:39 p. m.",
  "Michael - Jordan - 5 - admin@admin.com - administrador - 12/11/2023 12:10:16 p. m.",
  "Michael - Jordan - 5 - admin@admin.com - administrador - 12/11/2023 12:13:39 p. m.",
  "Michael - Jordan - 5 - admin@admin.com - administrador - 12/11/2023 12:14:10 p. m.",
  "Michael - Jordan - 5 - admin@admin.com - administrador - 12/11/2023 12:27:36 p. m.",
  "Michael - Jordan - 5 - admin@admin.com - administrador - 12/11/2023 12:28:56 p. m.",
  "Michael - Jordan - 5 - admin@admin.com - administrador - 12/11/2023 12:29:37 p. m.",
  "Michael - Jordan - 5 - admin@admin.com - administrador - 12/11/2023 12:32:36 p. m.",
  "Michael - Jordan - 5 - admin@admin.com - administrador - 12/11/2023 12:33:02 p. m.",
  "Michael - Jordan - 5 - admin@admin.com - administrador - 12/11/2023 12:33:49 p. m.",
  "Michael - Jordan - 5 - admin@admin.com - administrador - 12/11/2023 01:13:20 p. m.",
  "Michael - Jordan - 5 - admin@admin.com - administrador - 12/11/2023 01:14:44 p. m.",
  "Michael - Jordan - 5 - admin@admin.com - administrador - 12/11/2023 04:39:43 p. m.",
  "Michael - Jordan - 5 - admin@admin.com - administrador - 12/11/2023 05:03:10 p. m.",
  "Michael - Jordan - 5 - admin@admin.com - administrador - 12/11/2023 05:04:32 p. m.",
  "Michael - Jordan - 5 - admin@admin.com - administrador - 12/11/2023 11:37:15 p. m.",
  "Michael - Jordan - 5 - admin@admin.com - administrador - 12/11/2023 11:58:47 p. m.",
  "Michael - Jordan - 5 - admin@admin.com - administrador - 13/11/2023 12:17:46 a. m.",
  "Michael - Jordan - 5 - admin@admin.com - administrador - 13/11/2023 12:18:31 a. m.",
  "Michael - Jordan - 5 - admin@admin.com - administrador - 13/11/2023 12:19:54 a. m.",
  "Michael - Jordan - 5 - admin@admin.com - administrador - 13/11/2023 12:20:25 a. m.",
  "Michael - Jordan - 5 - admin@admin.com - administrador - 13/11/2023 12:20:58 a. m.",
  "Michael - Jordan - 5 - admin@admin.com - administrador - 13/11/2023 12:49:16 a. m.",
  "Michael - Jordan - 5 - admin@admin.com - administrador - 13/11/2023 07:52:09 p. m.",
  "Michael - Jordan - 5 - admin@admin.com - administrador - 13/11/2023 07:58:29 p. m.",
  "Michael - Jordan - 5 - admin@admin.com - administrador - 13/11/2023 08:00:09 p. m.",
  "Michael - Jordan - 5 - admin@admin.com - administrador - 13/11/2023 08:03:09 p. m.",
  "Michael - Jordan - 5 - admin@admin.com - administrador - 13/11/2023 08:04:07 p. m.",
  "Michael - Jordan - 5 - admin@admin.com - administrador - 13/11/2023 08:09:50 p. m.",
  "Michael - Jordan - 5 - admin@admin.com - administrador - 13/11/2023 08:11:34 p. m.",
  "Michael - Jordan - 5 - admin@admin.com - administrador - 13/11/2023 08:12:35 p. m.",
  "Michael - Jordan - 5 - admin@admin.com - administrador - 13/11/2023 08:13:15 p. m.",
  "Michael - Jordan - 5 - admin@admin.com - administrador - 13/11/2023 08:14:13 p. m.",
  "Michael - Jordan - 5 - admin@admin.com - administrador - 13/11/2023 08:16:08 p. m.",
  "Michael - Jordan - 5 - admin@admin.com - administrador - 13/11/2023 08:21:59 p. m.",
  "Michael - Jordan - 5 - admin@admin.com - administrador - 13/11/2023 08:24:33 p. m.",
  "Michael - Jordan - 5 - admin@admin.com - administrador - 13/11/2023 08:26:48 p. m.",
  "Michael - Jordan - 5 - admin@admin.com - administrador - 13/11/2023 08:29:30 p. m.",
  "Michael - Jordan - 5 - admin@admin.com - administrador - 13/11/2023 08:31:09 p. m.",
  "Michael - Jordan - 5 - admin@admin.com - administrador - 13/11/2023 08:37:02 p. m.",
  "Michael - Jordan - 5 - admin@admin.com - administrador - 13/11/2023 08:41:11 p. m.",
  "Michael - Jordan - 5 - admin@admin.com - administrador - 13/11/2023 08:46:54 p. m.",
  "Michael - Jordan - 5 - admin@admin.com - administrador - 13/11/2023 08:47:59 p. m.",
  "Michael - Jordan - 5 - admin@admin.com - administrador - 13/11/2023 09:01:52 p. m.",
  "Michael - Jordan - 5 - admin@admin.com - administrador - 13/11/2023 09:02:17 p. m.",
  "Michael - Jordan - 5 - admin@admin.com - administrador - 13/11/2023 09:04:40 p. m.",
  "Michael - Jordan - 5 - admin@admin.com - administrador - 13/11/2023 09:11:30 p. m.",
  "Michael - Jordan - 5 - admin@admin.com - administrador - 13/11/2023 09:22:37 p. m.",
  "Michael - Jordan - 5 - admin@admin.com - administrador - 13/11/2023 09:25:09 p. m.",
  "Michael - Jordan - 5 - admin@admin.com - administrador - 13/11/2023 09:26:42 p. m.",
  "Michael - Jordan - 5 - admin@admin.com - administrador - 13/11/2023 09:28:33 p. m.",
  "Michael - Jordan - 5 - admin@admin.com - administrador - 14/11/2023 07:34:04 a. m.",
  "Michael - Jordan - 5 - admin@admin.com - administrador - 14/11/2023 07:43:05 a. m.",
  "Michael - Jordan - 5 - admin@admin.com - administrador - 14/11/2023 07:46:19 a. m.",
  "Michael - Jordan - 5 - admin@admin.com - administrador - 14/11/2023 07:53:04 a. m.",
  "Michael - Jordan - 5 - admin@admin.com - administrador - 14/11/2023 07:53:36 a. m.",
  "Michael - Jordan - 5 - admin@admin.com - administrador - 14/11/2023 07:55:19 a. m.",
  "Michael - Jordan - 5 - admin@admin.com - administrador - 14/11/2023 07:58:06 a. m.",
  "Michael - Jordan - 5 - admin@admin.com - administrador - 14/11/2023 07:59:23 a. m.",
  "Michael - Jordan - 5 - admin@admin.com - administrador - 14/11/2023 08:03:27 a. m.",
  "Michael - Jordan - 5 - admin@admin.com - administrador - 14/11/2023 08:07:29 a. m.",
  "Michael - Jordan - 5 - admin@admin.com - administrador - 14/11/2023 08:13:43 a. m."
]
